2023-04-04 20:36:00,003 [pool-2-thread-1] DEBUG org.springframework.orm.jpa.JpaTransactionManager(getTransaction:370) - Creating new transaction with name [null]: PROPAGATION_REQUIRES_NEW,ISOLATION_DEFAULT
2023-04-04 20:36:00,010 [pool-2-thread-1] DEBUG org.springframework.orm.jpa.JpaTransactionManager(doBegin:412) - Opened new EntityManager [SessionImpl(239088237<open>)] for JPA transaction
2023-04-04 20:36:00,016 [pool-2-thread-1] DEBUG org.springframework.orm.jpa.JpaTransactionManager(doBegin:440) - Exposing JPA transaction as JDBC [org.springframework.orm.jpa.vendor.HibernateJpaDialect$HibernateConnectionHandle@518c73ca]
2023-04-04 20:36:00,016 [pool-2-thread-1] DEBUG org.springframework.jdbc.core.JdbcTemplate(update:958) - Executing prepared SQL update
2023-04-04 20:36:00,016 [pool-2-thread-1] DEBUG org.springframework.jdbc.core.JdbcTemplate(execute:643) - Executing prepared SQL statement [DELETE FROM SPRING_SESSION WHERE EXPIRY_TIME < ?]
2023-04-04 20:36:00,016 [pool-2-thread-1] DEBUG org.springframework.orm.jpa.JpaTransactionManager(processCommit:740) - Initiating transaction commit
2023-04-04 20:36:00,017 [pool-2-thread-1] DEBUG org.springframework.orm.jpa.JpaTransactionManager(doCommit:557) - Committing JPA transaction on EntityManager [SessionImpl(239088237<open>)]
2023-04-04 20:36:00,017 [pool-2-thread-1] DEBUG org.springframework.orm.jpa.JpaTransactionManager(doCleanupAfterCompletion:648) - Closing JPA EntityManager [SessionImpl(239088237<open>)] after transaction
2023-04-04 20:36:00,017 [pool-2-thread-1] DEBUG org.springframework.session.jdbc.JdbcIndexedSessionRepository(cleanUpExpiredSessions:591) - Cleaned up 0 expired sessions
2023-04-04 20:37:00,006 [pool-2-thread-1] DEBUG org.springframework.orm.jpa.JpaTransactionManager(getTransaction:370) - Creating new transaction with name [null]: PROPAGATION_REQUIRES_NEW,ISOLATION_DEFAULT
2023-04-04 20:37:00,006 [pool-2-thread-1] DEBUG org.springframework.orm.jpa.JpaTransactionManager(doBegin:412) - Opened new EntityManager [SessionImpl(1769100964<open>)] for JPA transaction
2023-04-04 20:37:00,016 [pool-2-thread-1] DEBUG org.springframework.orm.jpa.JpaTransactionManager(doBegin:440) - Exposing JPA transaction as JDBC [org.springframework.orm.jpa.vendor.HibernateJpaDialect$HibernateConnectionHandle@662ec2bd]
2023-04-04 20:37:00,016 [pool-2-thread-1] DEBUG org.springframework.jdbc.core.JdbcTemplate(update:958) - Executing prepared SQL update
2023-04-04 20:37:00,016 [pool-2-thread-1] DEBUG org.springframework.jdbc.core.JdbcTemplate(execute:643) - Executing prepared SQL statement [DELETE FROM SPRING_SESSION WHERE EXPIRY_TIME < ?]
2023-04-04 20:37:00,017 [pool-2-thread-1] DEBUG org.springframework.orm.jpa.JpaTransactionManager(processCommit:740) - Initiating transaction commit
2023-04-04 20:37:00,017 [pool-2-thread-1] DEBUG org.springframework.orm.jpa.JpaTransactionManager(doCommit:557) - Committing JPA transaction on EntityManager [SessionImpl(1769100964<open>)]
2023-04-04 20:37:00,018 [pool-2-thread-1] DEBUG org.springframework.orm.jpa.JpaTransactionManager(doCleanupAfterCompletion:648) - Closing JPA EntityManager [SessionImpl(1769100964<open>)] after transaction
2023-04-04 20:37:00,018 [pool-2-thread-1] DEBUG org.springframework.session.jdbc.JdbcIndexedSessionRepository(cleanUpExpiredSessions:591) - Cleaned up 0 expired sessions
2023-04-04 20:38:00,002 [pool-2-thread-1] DEBUG org.springframework.orm.jpa.JpaTransactionManager(getTransaction:370) - Creating new transaction with name [null]: PROPAGATION_REQUIRES_NEW,ISOLATION_DEFAULT
2023-04-04 20:38:00,002 [pool-2-thread-1] DEBUG org.springframework.orm.jpa.JpaTransactionManager(doBegin:412) - Opened new EntityManager [SessionImpl(352129261<open>)] for JPA transaction
2023-04-04 20:38:00,017 [pool-2-thread-1] DEBUG org.springframework.orm.jpa.JpaTransactionManager(doBegin:440) - Exposing JPA transaction as JDBC [org.springframework.orm.jpa.vendor.HibernateJpaDialect$HibernateConnectionHandle@6f41a3a0]
2023-04-04 20:38:00,017 [pool-2-thread-1] DEBUG org.springframework.jdbc.core.JdbcTemplate(update:958) - Executing prepared SQL update
2023-04-04 20:38:00,017 [pool-2-thread-1] DEBUG org.springframework.jdbc.core.JdbcTemplate(execute:643) - Executing prepared SQL statement [DELETE FROM SPRING_SESSION WHERE EXPIRY_TIME < ?]
2023-04-04 20:38:00,018 [pool-2-thread-1] DEBUG org.springframework.orm.jpa.JpaTransactionManager(processCommit:740) - Initiating transaction commit
2023-04-04 20:38:00,018 [pool-2-thread-1] DEBUG org.springframework.orm.jpa.JpaTransactionManager(doCommit:557) - Committing JPA transaction on EntityManager [SessionImpl(352129261<open>)]
2023-04-04 20:38:00,018 [pool-2-thread-1] DEBUG org.springframework.orm.jpa.JpaTransactionManager(doCleanupAfterCompletion:648) - Closing JPA EntityManager [SessionImpl(352129261<open>)] after transaction
2023-04-04 20:38:00,018 [pool-2-thread-1] DEBUG org.springframework.session.jdbc.JdbcIndexedSessionRepository(cleanUpExpiredSessions:591) - Cleaned up 0 expired sessions
