2023-04-04 20:48:15,558 [http-nio-8080-exec-1] DEBUG org.hibernate.SQL(logStatement:144) - 
    select
        member0_.member_id as member_i1_1_,
        member0_.access_token as access_t2_1_,
        member0_.birthday as birthday3_1_,
        member0_.email as email4_1_,
        member0_.gender as gender5_1_,
        member0_.image as image6_1_,
        member0_.introduction as introduc7_1_,
        member0_.login_id as login_id8_1_,
        member0_.nickname as nickname9_1_,
        member0_.password as passwor10_1_,
        member0_.phone_number as phone_n11_1_,
        member0_.provider as provide12_1_,
        member0_.record_id as record_15_1_,
        member0_.role as role13_1_,
        member0_.tier as tier14_1_ 
    from
        member member0_
2023-04-04 20:48:15,599 [http-nio-8080-exec-1] DEBUG org.hibernate.SQL(logStatement:144) - 
    select
        record0_.record_id as record_i1_3_0_,
        record0_.lose as lose2_3_0_,
        record0_.penalty as penalty3_3_0_,
        record0_.points as points4_3_0_,
        record0_.rate as rate5_3_0_,
        record0_.win as win6_3_0_ 
    from
        record record0_ 
    where
        record0_.record_id=?
2023-04-04 20:49:03,203 [http-nio-8080-exec-7] DEBUG org.hibernate.SQL(logStatement:144) - 
    select
        member0_.member_id as member_i1_1_,
        member0_.access_token as access_t2_1_,
        member0_.birthday as birthday3_1_,
        member0_.email as email4_1_,
        member0_.gender as gender5_1_,
        member0_.image as image6_1_,
        member0_.introduction as introduc7_1_,
        member0_.login_id as login_id8_1_,
        member0_.nickname as nickname9_1_,
        member0_.password as passwor10_1_,
        member0_.phone_number as phone_n11_1_,
        member0_.provider as provide12_1_,
        member0_.record_id as record_15_1_,
        member0_.role as role13_1_,
        member0_.tier as tier14_1_ 
    from
        member member0_
2023-04-04 20:49:03,205 [http-nio-8080-exec-7] DEBUG org.hibernate.SQL(logStatement:144) - 
    select
        record0_.record_id as record_i1_3_0_,
        record0_.lose as lose2_3_0_,
        record0_.penalty as penalty3_3_0_,
        record0_.points as points4_3_0_,
        record0_.rate as rate5_3_0_,
        record0_.win as win6_3_0_ 
    from
        record record0_ 
    where
        record0_.record_id=?
2023-04-04 20:49:06,856 [http-nio-8080-exec-2] DEBUG org.hibernate.SQL(logStatement:144) - 
    select
        member0_.member_id as member_i1_1_,
        member0_.access_token as access_t2_1_,
        member0_.birthday as birthday3_1_,
        member0_.email as email4_1_,
        member0_.gender as gender5_1_,
        member0_.image as image6_1_,
        member0_.introduction as introduc7_1_,
        member0_.login_id as login_id8_1_,
        member0_.nickname as nickname9_1_,
        member0_.password as passwor10_1_,
        member0_.phone_number as phone_n11_1_,
        member0_.provider as provide12_1_,
        member0_.record_id as record_15_1_,
        member0_.role as role13_1_,
        member0_.tier as tier14_1_ 
    from
        member member0_
2023-04-04 20:49:06,857 [http-nio-8080-exec-2] DEBUG org.hibernate.SQL(logStatement:144) - 
    select
        record0_.record_id as record_i1_3_0_,
        record0_.lose as lose2_3_0_,
        record0_.penalty as penalty3_3_0_,
        record0_.points as points4_3_0_,
        record0_.rate as rate5_3_0_,
        record0_.win as win6_3_0_ 
    from
        record record0_ 
    where
        record0_.record_id=?
2023-04-04 20:49:31,591 [http-nio-8080-exec-6] DEBUG org.hibernate.SQL(logStatement:144) - 
    select
        member0_.member_id as member_i1_1_,
        member0_.access_token as access_t2_1_,
        member0_.birthday as birthday3_1_,
        member0_.email as email4_1_,
        member0_.gender as gender5_1_,
        member0_.image as image6_1_,
        member0_.introduction as introduc7_1_,
        member0_.login_id as login_id8_1_,
        member0_.nickname as nickname9_1_,
        member0_.password as passwor10_1_,
        member0_.phone_number as phone_n11_1_,
        member0_.provider as provide12_1_,
        member0_.record_id as record_15_1_,
        member0_.role as role13_1_,
        member0_.tier as tier14_1_ 
    from
        member member0_
2023-04-04 20:49:31,593 [http-nio-8080-exec-6] DEBUG org.hibernate.SQL(logStatement:144) - 
    select
        record0_.record_id as record_i1_3_0_,
        record0_.lose as lose2_3_0_,
        record0_.penalty as penalty3_3_0_,
        record0_.points as points4_3_0_,
        record0_.rate as rate5_3_0_,
        record0_.win as win6_3_0_ 
    from
        record record0_ 
    where
        record0_.record_id=?
2023-04-04 20:49:36,235 [http-nio-8080-exec-9] DEBUG org.hibernate.SQL(logStatement:144) - 
    select
        member0_.member_id as member_i1_1_,
        member0_.access_token as access_t2_1_,
        member0_.birthday as birthday3_1_,
        member0_.email as email4_1_,
        member0_.gender as gender5_1_,
        member0_.image as image6_1_,
        member0_.introduction as introduc7_1_,
        member0_.login_id as login_id8_1_,
        member0_.nickname as nickname9_1_,
        member0_.password as passwor10_1_,
        member0_.phone_number as phone_n11_1_,
        member0_.provider as provide12_1_,
        member0_.record_id as record_15_1_,
        member0_.role as role13_1_,
        member0_.tier as tier14_1_ 
    from
        member member0_
2023-04-04 20:49:36,237 [http-nio-8080-exec-9] DEBUG org.hibernate.SQL(logStatement:144) - 
    select
        record0_.record_id as record_i1_3_0_,
        record0_.lose as lose2_3_0_,
        record0_.penalty as penalty3_3_0_,
        record0_.points as points4_3_0_,
        record0_.rate as rate5_3_0_,
        record0_.win as win6_3_0_ 
    from
        record record0_ 
    where
        record0_.record_id=?
2023-04-04 20:49:45,105 [http-nio-8080-exec-10] DEBUG org.hibernate.SQL(logStatement:144) - 
    select
        member0_.member_id as member_i1_1_,
        member0_.access_token as access_t2_1_,
        member0_.birthday as birthday3_1_,
        member0_.email as email4_1_,
        member0_.gender as gender5_1_,
        member0_.image as image6_1_,
        member0_.introduction as introduc7_1_,
        member0_.login_id as login_id8_1_,
        member0_.nickname as nickname9_1_,
        member0_.password as passwor10_1_,
        member0_.phone_number as phone_n11_1_,
        member0_.provider as provide12_1_,
        member0_.record_id as record_15_1_,
        member0_.role as role13_1_,
        member0_.tier as tier14_1_ 
    from
        member member0_
2023-04-04 20:49:45,106 [http-nio-8080-exec-10] DEBUG org.hibernate.SQL(logStatement:144) - 
    select
        record0_.record_id as record_i1_3_0_,
        record0_.lose as lose2_3_0_,
        record0_.penalty as penalty3_3_0_,
        record0_.points as points4_3_0_,
        record0_.rate as rate5_3_0_,
        record0_.win as win6_3_0_ 
    from
        record record0_ 
    where
        record0_.record_id=?
2023-04-04 20:49:46,754 [http-nio-8080-exec-4] DEBUG org.hibernate.SQL(logStatement:144) - 
    insert 
    into
        record
        (lose, penalty, points, rate, win) 
    values
        (?, ?, ?, ?, ?)
2023-04-04 20:49:46,764 [http-nio-8080-exec-4] DEBUG org.hibernate.SQL(logStatement:144) - 
    insert 
    into
        member
        (access_token, birthday, email, gender, image, introduction, login_id, nickname, password, phone_number, provider, record_id, role, tier) 
    values
        (?, ?, ?, ?, ?, ?, ?, ?, ?, ?, ?, ?, ?, ?)
2023-04-04 20:50:00,015 [task-1] DEBUG org.hibernate.SQL(logStatement:144) - 
    select
        matching0_.matching_id as matching1_0_,
        matching0_.author as author2_0_,
        matching0_.before_hour as before_h3_0_,
        matching0_.before_two_hour as before_t4_0_,
        matching0_.content as content5_0_,
        matching0_.court_type as court_ty6_0_,
        matching0_.created_date as created_7_0_,
        matching0_.game_result as game_res8_0_,
        matching0_.lat as lat9_0_,
        matching0_.lng as lng10_0_,
        matching0_.matching_condition as matchin11_0_,
        matching0_.matching_date as matchin12_0_,
        matching0_.matching_end_time as matchin13_0_,
        matching0_.matching_start_time as matchin14_0_,
        matching0_.matching_status as matchin15_0_,
        matching0_.matching_type as matchin16_0_,
        matching0_.member_id as member_21_0_,
        matching0_.modified_date as modifie17_0_,
        matching0_.place as place18_0_,
        matching0_.player_number as player_19_0_,
        matching0_.title as title20_0_ 
    from
        matching matching0_
2023-04-04 20:50:44,304 [http-nio-8080-exec-7] DEBUG org.hibernate.SQL(logStatement:144) - 
    select
        member0_.member_id as member_i1_1_,
        member0_.access_token as access_t2_1_,
        member0_.birthday as birthday3_1_,
        member0_.email as email4_1_,
        member0_.gender as gender5_1_,
        member0_.image as image6_1_,
        member0_.introduction as introduc7_1_,
        member0_.login_id as login_id8_1_,
        member0_.nickname as nickname9_1_,
        member0_.password as passwor10_1_,
        member0_.phone_number as phone_n11_1_,
        member0_.provider as provide12_1_,
        member0_.record_id as record_15_1_,
        member0_.role as role13_1_,
        member0_.tier as tier14_1_ 
    from
        member member0_
2023-04-04 20:50:44,330 [http-nio-8080-exec-7] DEBUG org.hibernate.SQL(logStatement:144) - 
    select
        record0_.record_id as record_i1_3_0_,
        record0_.lose as lose2_3_0_,
        record0_.penalty as penalty3_3_0_,
        record0_.points as points4_3_0_,
        record0_.rate as rate5_3_0_,
        record0_.win as win6_3_0_ 
    from
        record record0_ 
    where
        record0_.record_id=?
2023-04-04 20:50:44,337 [http-nio-8080-exec-7] DEBUG org.hibernate.SQL(logStatement:144) - 
    select
        record0_.record_id as record_i1_3_0_,
        record0_.lose as lose2_3_0_,
        record0_.penalty as penalty3_3_0_,
        record0_.points as points4_3_0_,
        record0_.rate as rate5_3_0_,
        record0_.win as win6_3_0_ 
    from
        record record0_ 
    where
        record0_.record_id=?
2023-04-04 20:50:45,260 [http-nio-8080-exec-8] DEBUG org.hibernate.SQL(logStatement:144) - 
    select
        member0_.member_id as member_i1_1_,
        member0_.access_token as access_t2_1_,
        member0_.birthday as birthday3_1_,
        member0_.email as email4_1_,
        member0_.gender as gender5_1_,
        member0_.image as image6_1_,
        member0_.introduction as introduc7_1_,
        member0_.login_id as login_id8_1_,
        member0_.nickname as nickname9_1_,
        member0_.password as passwor10_1_,
        member0_.phone_number as phone_n11_1_,
        member0_.provider as provide12_1_,
        member0_.record_id as record_15_1_,
        member0_.role as role13_1_,
        member0_.tier as tier14_1_ 
    from
        member member0_
2023-04-04 20:50:45,262 [http-nio-8080-exec-8] DEBUG org.hibernate.SQL(logStatement:144) - 
    select
        record0_.record_id as record_i1_3_0_,
        record0_.lose as lose2_3_0_,
        record0_.penalty as penalty3_3_0_,
        record0_.points as points4_3_0_,
        record0_.rate as rate5_3_0_,
        record0_.win as win6_3_0_ 
    from
        record record0_ 
    where
        record0_.record_id=?
2023-04-04 20:50:45,264 [http-nio-8080-exec-8] DEBUG org.hibernate.SQL(logStatement:144) - 
    select
        record0_.record_id as record_i1_3_0_,
        record0_.lose as lose2_3_0_,
        record0_.penalty as penalty3_3_0_,
        record0_.points as points4_3_0_,
        record0_.rate as rate5_3_0_,
        record0_.win as win6_3_0_ 
    from
        record record0_ 
    where
        record0_.record_id=?
2023-04-04 20:50:49,113 [http-nio-8080-exec-7] DEBUG org.hibernate.SQL(logStatement:144) - 
    select
        member0_.member_id as member_i1_1_,
        member0_.access_token as access_t2_1_,
        member0_.birthday as birthday3_1_,
        member0_.email as email4_1_,
        member0_.gender as gender5_1_,
        member0_.image as image6_1_,
        member0_.introduction as introduc7_1_,
        member0_.login_id as login_id8_1_,
        member0_.nickname as nickname9_1_,
        member0_.password as passwor10_1_,
        member0_.phone_number as phone_n11_1_,
        member0_.provider as provide12_1_,
        member0_.record_id as record_15_1_,
        member0_.role as role13_1_,
        member0_.tier as tier14_1_ 
    from
        member member0_
2023-04-04 20:50:49,115 [http-nio-8080-exec-7] DEBUG org.hibernate.SQL(logStatement:144) - 
    select
        record0_.record_id as record_i1_3_0_,
        record0_.lose as lose2_3_0_,
        record0_.penalty as penalty3_3_0_,
        record0_.points as points4_3_0_,
        record0_.rate as rate5_3_0_,
        record0_.win as win6_3_0_ 
    from
        record record0_ 
    where
        record0_.record_id=?
2023-04-04 20:50:49,133 [http-nio-8080-exec-7] DEBUG org.hibernate.SQL(logStatement:144) - 
    select
        record0_.record_id as record_i1_3_0_,
        record0_.lose as lose2_3_0_,
        record0_.penalty as penalty3_3_0_,
        record0_.points as points4_3_0_,
        record0_.rate as rate5_3_0_,
        record0_.win as win6_3_0_ 
    from
        record record0_ 
    where
        record0_.record_id=?
