2023-04-04 20:46:31,804 [http-nio-8080-exec-7] DEBUG org.hibernate.SQL(logStatement:144) - 
    select
        member0_.member_id as member_i1_1_,
        member0_.access_token as access_t2_1_,
        member0_.birthday as birthday3_1_,
        member0_.email as email4_1_,
        member0_.gender as gender5_1_,
        member0_.image as image6_1_,
        member0_.introduction as introduc7_1_,
        member0_.login_id as login_id8_1_,
        member0_.nickname as nickname9_1_,
        member0_.password as passwor10_1_,
        member0_.phone_number as phone_n11_1_,
        member0_.provider as provide12_1_,
        member0_.record_id as record_15_1_,
        member0_.role as role13_1_,
        member0_.tier as tier14_1_ 
    from
        member member0_
2023-04-04 20:46:31,821 [http-nio-8080-exec-7] DEBUG org.hibernate.SQL(logStatement:144) - 
    select
        record0_.record_id as record_i1_3_0_,
        record0_.lose as lose2_3_0_,
        record0_.penalty as penalty3_3_0_,
        record0_.points as points4_3_0_,
        record0_.rate as rate5_3_0_,
        record0_.win as win6_3_0_ 
    from
        record record0_ 
    where
        record0_.record_id=?
