2023-04-04 20:48:15,599 [http-nio-8080-exec-1] TRACE org.hibernate.type.descriptor.sql.BasicBinder(bind:64) - binding parameter [1] as [BIGINT] - [1]
2023-04-04 20:49:03,205 [http-nio-8080-exec-7] TRACE org.hibernate.type.descriptor.sql.BasicBinder(bind:64) - binding parameter [1] as [BIGINT] - [1]
2023-04-04 20:49:06,858 [http-nio-8080-exec-2] TRACE org.hibernate.type.descriptor.sql.BasicBinder(bind:64) - binding parameter [1] as [BIGINT] - [1]
2023-04-04 20:49:31,593 [http-nio-8080-exec-6] TRACE org.hibernate.type.descriptor.sql.BasicBinder(bind:64) - binding parameter [1] as [BIGINT] - [1]
2023-04-04 20:49:36,237 [http-nio-8080-exec-9] TRACE org.hibernate.type.descriptor.sql.BasicBinder(bind:64) - binding parameter [1] as [BIGINT] - [1]
2023-04-04 20:49:45,107 [http-nio-8080-exec-10] TRACE org.hibernate.type.descriptor.sql.BasicBinder(bind:64) - binding parameter [1] as [BIGINT] - [1]
2023-04-04 20:49:46,754 [http-nio-8080-exec-4] TRACE org.hibernate.type.descriptor.sql.BasicBinder(bind:64) - binding parameter [1] as [INTEGER] - [0]
2023-04-04 20:49:46,755 [http-nio-8080-exec-4] TRACE org.hibernate.type.descriptor.sql.BasicBinder(bind:64) - binding parameter [2] as [INTEGER] - [0]
2023-04-04 20:49:46,755 [http-nio-8080-exec-4] TRACE org.hibernate.type.descriptor.sql.BasicBinder(bind:64) - binding parameter [3] as [INTEGER] - [100]
2023-04-04 20:49:46,755 [http-nio-8080-exec-4] TRACE org.hibernate.type.descriptor.sql.BasicBinder(bind:64) - binding parameter [4] as [DOUBLE] - [0.0]
2023-04-04 20:49:46,755 [http-nio-8080-exec-4] TRACE org.hibernate.type.descriptor.sql.BasicBinder(bind:64) - binding parameter [5] as [INTEGER] - [0]
2023-04-04 20:49:46,764 [http-nio-8080-exec-4] TRACE org.hibernate.type.descriptor.sql.BasicBinder(bind:52) - binding parameter [1] as [VARCHAR] - [null]
2023-04-04 20:49:46,764 [http-nio-8080-exec-4] TRACE org.hibernate.type.descriptor.sql.BasicBinder(bind:64) - binding parameter [2] as [VARCHAR] - [19741015]
2023-04-04 20:49:46,764 [http-nio-8080-exec-4] TRACE org.hibernate.type.descriptor.sql.BasicBinder(bind:64) - binding parameter [3] as [VARCHAR] - [test2@email.com]
2023-04-04 20:49:46,764 [http-nio-8080-exec-4] TRACE org.hibernate.type.descriptor.sql.BasicBinder(bind:64) - binding parameter [4] as [VARCHAR] - [FEMALE]
2023-04-04 20:49:46,764 [http-nio-8080-exec-4] TRACE org.hibernate.type.descriptor.sql.BasicBinder(bind:64) - binding parameter [5] as [VARCHAR] - [/image/member/2]
2023-04-04 20:49:46,764 [http-nio-8080-exec-4] TRACE org.hibernate.type.descriptor.sql.BasicBinder(bind:52) - binding parameter [6] as [VARCHAR] - [null]
2023-04-04 20:49:46,764 [http-nio-8080-exec-4] TRACE org.hibernate.type.descriptor.sql.BasicBinder(bind:64) - binding parameter [7] as [VARCHAR] - [testtest2]
2023-04-04 20:49:46,765 [http-nio-8080-exec-4] TRACE org.hibernate.type.descriptor.sql.BasicBinder(bind:64) - binding parameter [8] as [VARCHAR] - [test2]
2023-04-04 20:49:46,765 [http-nio-8080-exec-4] TRACE org.hibernate.type.descriptor.sql.BasicBinder(bind:64) - binding parameter [9] as [VARCHAR] - [b1d72f1fa5ad851f2396615b44ec031314dedb8552993613a13f0c2149e07ed6]
2023-04-04 20:49:46,765 [http-nio-8080-exec-4] TRACE org.hibernate.type.descriptor.sql.BasicBinder(bind:64) - binding parameter [10] as [VARCHAR] - [09011130909]
2023-04-04 20:49:46,765 [http-nio-8080-exec-4] TRACE org.hibernate.type.descriptor.sql.BasicBinder(bind:64) - binding parameter [11] as [VARCHAR] - [GOGOTENNIS]
2023-04-04 20:49:46,765 [http-nio-8080-exec-4] TRACE org.hibernate.type.descriptor.sql.BasicBinder(bind:64) - binding parameter [12] as [BIGINT] - [2]
2023-04-04 20:49:46,765 [http-nio-8080-exec-4] TRACE org.hibernate.type.descriptor.sql.BasicBinder(bind:64) - binding parameter [13] as [VARCHAR] - [MEMBER]
2023-04-04 20:49:46,765 [http-nio-8080-exec-4] TRACE org.hibernate.type.descriptor.sql.BasicBinder(bind:64) - binding parameter [14] as [VARCHAR] - [IRON]
2023-04-04 20:50:44,331 [http-nio-8080-exec-7] TRACE org.hibernate.type.descriptor.sql.BasicBinder(bind:64) - binding parameter [1] as [BIGINT] - [1]
2023-04-04 20:50:44,338 [http-nio-8080-exec-7] TRACE org.hibernate.type.descriptor.sql.BasicBinder(bind:64) - binding parameter [1] as [BIGINT] - [2]
2023-04-04 20:50:45,263 [http-nio-8080-exec-8] TRACE org.hibernate.type.descriptor.sql.BasicBinder(bind:64) - binding parameter [1] as [BIGINT] - [1]
2023-04-04 20:50:45,264 [http-nio-8080-exec-8] TRACE org.hibernate.type.descriptor.sql.BasicBinder(bind:64) - binding parameter [1] as [BIGINT] - [2]
2023-04-04 20:50:49,116 [http-nio-8080-exec-7] TRACE org.hibernate.type.descriptor.sql.BasicBinder(bind:64) - binding parameter [1] as [BIGINT] - [1]
2023-04-04 20:50:49,133 [http-nio-8080-exec-7] TRACE org.hibernate.type.descriptor.sql.BasicBinder(bind:64) - binding parameter [1] as [BIGINT] - [2]
